2025-11-16T13:25:59.856-03:00  INFO 8644 --- [main] c.e.libraryapi.LibraryapiApplication     : Starting LibraryapiApplication using Java 22.0.2 with PID 8644 (C:\Users\Pichau\Documents\Code\libraryapi\target\classes started by Pichau in C:\Users\Pichau\Documents\Code\libraryapi)
2025-11-16T13:25:59.859-03:00  INFO 8644 --- [main] c.e.libraryapi.LibraryapiApplication     : No active profile set, falling back to 1 default profile: "default"
2025-11-16T13:26:01.062-03:00  INFO 8644 --- [main] .s.d.r.c.RepositoryConfigurationDelegate : Bootstrapping Spring Data JPA repositories in DEFAULT mode.
2025-11-16T13:26:01.150-03:00  INFO 8644 --- [main] .s.d.r.c.RepositoryConfigurationDelegate : Finished Spring Data repository scanning in 78 ms. Found 4 JPA repository interfaces.
2025-11-16T13:26:01.739-03:00  WARN 8644 --- [main] trationDelegate$BeanPostProcessorChecker : Bean 'securityConfiguration' of type [com.example.libraryapi.config.SecurityConfiguration$$SpringCGLIB$$0] is not eligible for getting processed by all BeanPostProcessors (for example: not eligible for auto-proxying). Is this bean getting eagerly injected into a currently created BeanPostProcessor [projectingArgumentResolverBeanPostProcessor]? Check the corresponding BeanPostProcessor declaration and its dependencies.
2025-11-16T13:26:01.741-03:00  WARN 8644 --- [main] trationDelegate$BeanPostProcessorChecker : Bean 'grantedAuthorityDefaults' of type [org.springframework.security.config.core.GrantedAuthorityDefaults] is not eligible for getting processed by all BeanPostProcessors (for example: not eligible for auto-proxying). Is this bean getting eagerly injected into a currently created BeanPostProcessor [projectingArgumentResolverBeanPostProcessor]? Check the corresponding BeanPostProcessor declaration and its dependencies.
2025-11-16T13:26:02.065-03:00  INFO 8644 --- [main] o.s.b.w.embedded.tomcat.TomcatWebServer  : Tomcat initialized with port 8080 (http)
2025-11-16T13:26:02.082-03:00  INFO 8644 --- [main] o.apache.catalina.core.StandardService   : Starting service [Tomcat]
2025-11-16T13:26:02.082-03:00  INFO 8644 --- [main] o.apache.catalina.core.StandardEngine    : Starting Servlet engine: [Apache Tomcat/10.1.25]
2025-11-16T13:26:02.158-03:00  INFO 8644 --- [main] o.a.c.c.C.[Tomcat].[localhost].[/]       : Initializing Spring embedded WebApplicationContext
2025-11-16T13:26:02.158-03:00  INFO 8644 --- [main] w.s.c.ServletWebServerApplicationContext : Root WebApplicationContext: initialization completed in 2251 ms
2025-11-16T13:26:02.215-03:00  WARN 8644 --- [main] com.zaxxer.hikari.HikariConfig           : library-db-pool - idleTimeout is close to or more than maxLifetime, disabling it.
2025-11-16T13:26:02.223-03:00  INFO 8644 --- [main] com.zaxxer.hikari.HikariDataSource       : library-db-pool - Starting...
2025-11-16T13:26:02.427-03:00  INFO 8644 --- [main] com.zaxxer.hikari.pool.HikariPool        : library-db-pool - Added connection org.postgresql.jdbc.PgConnection@7d47dfed
2025-11-16T13:26:02.429-03:00  INFO 8644 --- [main] com.zaxxer.hikari.HikariDataSource       : library-db-pool - Start completed.
2025-11-16T13:26:02.531-03:00  INFO 8644 --- [main] o.hibernate.jpa.internal.util.LogHelper  : HHH000204: Processing PersistenceUnitInfo [name: default]
2025-11-16T13:26:02.592-03:00  INFO 8644 --- [main] org.hibernate.Version                    : HHH000412: Hibernate ORM core version 6.5.2.Final
2025-11-16T13:26:02.633-03:00  INFO 8644 --- [main] o.h.c.internal.RegionFactoryInitiator    : HHH000026: Second-level cache disabled
2025-11-16T13:26:03.047-03:00  INFO 8644 --- [main] o.s.o.j.p.SpringPersistenceUnitInfo      : No LoadTimeWeaver setup: ignoring JPA class transformer
2025-11-16T13:26:03.946-03:00  INFO 8644 --- [main] o.h.e.t.j.p.i.JtaPlatformInitiator       : HHH000489: No JTA platform available (set 'hibernate.transaction.jta.platform' to enable JTA platform integration)
2025-11-16T13:26:03.949-03:00  INFO 8644 --- [main] j.LocalContainerEntityManagerFactoryBean : Initialized JPA EntityManagerFactory for persistence unit 'default'
2025-11-16T13:26:04.307-03:00  INFO 8644 --- [main] o.s.d.j.r.query.QueryEnhancerFactory     : Hibernate is in classpath; If applicable, HQL parser will be used.
2025-11-16T13:26:05.087-03:00  WARN 8644 --- [main] JpaBaseConfiguration$JpaWebConfiguration : spring.jpa.open-in-view is enabled by default. Therefore, database queries may be performed during view rendering. Explicitly configure spring.jpa.open-in-view to disable this warning
2025-11-16T13:26:05.106-03:00  INFO 8644 --- [main] eAuthenticationProviderManagerConfigurer : Global AuthenticationManager configured with AuthenticationProvider bean with name customAuthenticationProvider
2025-11-16T13:26:05.110-03:00  WARN 8644 --- [main] r$InitializeUserDetailsManagerConfigurer : Global AuthenticationManager configured with an AuthenticationProvider bean. UserDetailsService beans will not be used for username/password login. Consider removing the AuthenticationProvider bean. Alternatively, consider using the UserDetailsService in a manually instantiated DaoAuthenticationProvider.
2025-11-16T13:26:05.938-03:00  WARN 8644 --- [main] o.s.s.c.a.web.builders.WebSecurity       : You are asking Spring Security to ignore Deferred [Mvc [pattern='/v2/api-docs/**'], Ant [pattern='/v2/api-docs/**']]. This is not recommended -- please use permitAll via HttpSecurity#authorizeHttpRequests instead.
2025-11-16T13:26:05.939-03:00  WARN 8644 --- [main] o.s.s.c.a.web.builders.WebSecurity       : You are asking Spring Security to ignore Deferred [Mvc [pattern='/v3/api-docs/**'], Ant [pattern='/v3/api-docs/**']]. This is not recommended -- please use permitAll via HttpSecurity#authorizeHttpRequests instead.
2025-11-16T13:26:05.939-03:00  WARN 8644 --- [main] o.s.s.c.a.web.builders.WebSecurity       : You are asking Spring Security to ignore Deferred [Mvc [pattern='/swagger-resources/**'], Ant [pattern='/swagger-resources/**']]. This is not recommended -- please use permitAll via HttpSecurity#authorizeHttpRequests instead.
2025-11-16T13:26:05.939-03:00  WARN 8644 --- [main] o.s.s.c.a.web.builders.WebSecurity       : You are asking Spring Security to ignore Deferred [Mvc [pattern='/swagger-ui.html'], Ant [pattern='/swagger-ui.html']]. This is not recommended -- please use permitAll via HttpSecurity#authorizeHttpRequests instead.
2025-11-16T13:26:05.939-03:00  WARN 8644 --- [main] o.s.s.c.a.web.builders.WebSecurity       : You are asking Spring Security to ignore Deferred [Mvc [pattern='/swagger-ui/**'], Ant [pattern='/swagger-ui/**']]. This is not recommended -- please use permitAll via HttpSecurity#authorizeHttpRequests instead.
2025-11-16T13:26:05.939-03:00  WARN 8644 --- [main] o.s.s.c.a.web.builders.WebSecurity       : You are asking Spring Security to ignore Deferred [Mvc [pattern='/webjars/**'], Ant [pattern='/webjars/**']]. This is not recommended -- please use permitAll via HttpSecurity#authorizeHttpRequests instead.
2025-11-16T13:26:05.939-03:00  WARN 8644 --- [main] o.s.s.c.a.web.builders.WebSecurity       : You are asking Spring Security to ignore Deferred [Mvc [pattern='/actuator/**'], Ant [pattern='/actuator/**']]. This is not recommended -- please use permitAll via HttpSecurity#authorizeHttpRequests instead.
2025-11-16T13:26:06.373-03:00  INFO 8644 --- [main] o.s.b.w.embedded.tomcat.TomcatWebServer  : Tomcat started on port 8080 (http) with context path '/'
2025-11-16T13:26:06.382-03:00  INFO 8644 --- [main] c.e.libraryapi.LibraryapiApplication     : Started LibraryapiApplication in 7.183 seconds (process running for 7.827)
2025-11-16T13:28:38.957-03:00  INFO 8644 --- [http-nio-8080-exec-2] o.a.c.c.C.[Tomcat].[localhost].[/]       : Initializing Spring DispatcherServlet 'dispatcherServlet'
2025-11-16T13:28:38.957-03:00  INFO 8644 --- [http-nio-8080-exec-2] o.s.web.servlet.DispatcherServlet        : Initializing Servlet 'dispatcherServlet'
2025-11-16T13:28:38.958-03:00  INFO 8644 --- [http-nio-8080-exec-2] o.s.web.servlet.DispatcherServlet        : Completed initialization in 1 ms
2025-11-16T14:43:53.697-03:00  WARN 8644 --- [library-db-pool housekeeper] com.zaxxer.hikari.pool.HikariPool        : library-db-pool - Thread starvation or clock leap detected (housekeeper delta=58m50s985ms896µs).
2025-11-16T14:43:55.045-03:00  INFO 8644 --- [SpringApplicationShutdownHook] j.LocalContainerEntityManagerFactoryBean : Closing JPA EntityManagerFactory for persistence unit 'default'
2025-11-16T14:43:55.047-03:00  INFO 8644 --- [SpringApplicationShutdownHook] com.zaxxer.hikari.HikariDataSource       : library-db-pool - Shutdown initiated...
2025-11-16T14:43:55.050-03:00  INFO 8644 --- [SpringApplicationShutdownHook] com.zaxxer.hikari.HikariDataSource       : library-db-pool - Shutdown completed.
